<?xml version="1.0" encoding="UTF-8"?>
<!-- Generated by org.testng.reporters.JUnitXMLReporter -->
<testsuite ignored="0" hostname="5CD40153RQ" failures="0" tests="4" name="Default test" time="0.764" errors="0" timestamp="2025-01-07T12:13:15 IST">
  <testcase classname="com.demowebshop.testdev.Practice" name="dataProvider" time="0.01"/>
  <testcase classname="com.demowebshop.testdev.Practice" name="dataProvider" time="0.001"/>
  <testcase classname="com.demowebshop.testdev.Practice" name="dataProvider" time="0.001"/>
  <testcase classname="com.demowebshop.testdev.Practice" name="test" time="0.088"/>
</testsuite> <!-- Default test -->
