<?xml version="1.0" encoding="UTF-8"?>
<testng-results ignored="0" total="4" passed="4" failed="0" skipped="0">
  <reporter-output>
  </reporter-output>
  <suite started-at="2025-01-07T12:13:15 IST" name="Default suite" finished-at="2025-01-07T12:13:15 IST" duration-ms="764">
    <groups>
    </groups>
    <test started-at="2025-01-07T12:13:15 IST" name="Default test" finished-at="2025-01-07T12:13:15 IST" duration-ms="764">
      <class name="com.demowebshop.testdev.Practice">
        <test-method signature="dataProvider(java.lang.String,java.lang.String,java.lang.String)[pri:0, instance:com.demowebshop.testdev.Practice@4d5d943d]" started-at="2025-01-07T12:13:15 IST" name="dataProvider" data-provider="excelData" finished-at="2025-01-07T12:13:15 IST" duration-ms="10" status="PASS">
          <params>
            <param index="0">
              <value>
                <![CDATA[Mi]]>
              </value>
            </param>
            <param index="1">
              <value>
                <![CDATA[Redmi C3]]>
              </value>
            </param>
            <param index="2">
              <value>
                <![CDATA[12000]]>
              </value>
            </param>
          </params>
          <reporter-output>
          </reporter-output>
        </test-method> <!-- dataProvider -->
        <test-method signature="dataProvider(java.lang.String,java.lang.String,java.lang.String)[pri:0, instance:com.demowebshop.testdev.Practice@4d5d943d]" started-at="2025-01-07T12:13:15 IST" name="dataProvider" data-provider="excelData" finished-at="2025-01-07T12:13:15 IST" duration-ms="1" status="PASS">
          <params>
            <param index="0">
              <value>
                <![CDATA[Samsung]]>
              </value>
            </param>
            <param index="1">
              <value>
                <![CDATA[Glaxy l43]]>
              </value>
            </param>
            <param index="2">
              <value>
                <![CDATA[200000]]>
              </value>
            </param>
          </params>
          <reporter-output>
          </reporter-output>
        </test-method> <!-- dataProvider -->
        <test-method signature="dataProvider(java.lang.String,java.lang.String,java.lang.String)[pri:0, instance:com.demowebshop.testdev.Practice@4d5d943d]" started-at="2025-01-07T12:13:15 IST" name="dataProvider" data-provider="excelData" finished-at="2025-01-07T12:13:15 IST" duration-ms="1" status="PASS">
          <params>
            <param index="0">
              <value>
                <![CDATA[I phone]]>
              </value>
            </param>
            <param index="1">
              <value>
                <![CDATA[Apple 16 pro]]>
              </value>
            </param>
            <param index="2">
              <value>
                <![CDATA[1230000]]>
              </value>
            </param>
          </params>
          <reporter-output>
          </reporter-output>
        </test-method> <!-- dataProvider -->
        <test-method signature="test()[pri:0, instance:com.demowebshop.testdev.Practice@4d5d943d]" started-at="2025-01-07T12:13:15 IST" name="test" finished-at="2025-01-07T12:13:15 IST" duration-ms="88" status="PASS">
          <reporter-output>
          </reporter-output>
        </test-method> <!-- test -->
      </class> <!-- com.demowebshop.testdev.Practice -->
    </test> <!-- Default test -->
  </suite> <!-- Default suite -->
</testng-results>
